g:\visualstudioprojects\mfcapplication1\mfcapplication1\debug\mfcapplication1.pch
g:\visualstudioprojects\mfcapplication1\mfcapplication1\debug\vc120.pdb
g:\visualstudioprojects\mfcapplication1\mfcapplication1\debug\vc120.idb
g:\visualstudioprojects\mfcapplication1\mfcapplication1\debug\stdafx.obj
g:\visualstudioprojects\mfcapplication1\mfcapplication1\debug\mfcapplication1.obj
g:\visualstudioprojects\mfcapplication1\mfcapplication1\debug\mfcapplication1dlg.obj
g:\visualstudioprojects\mfcapplication1\mfcapplication1\debug\mfcapplication1.res
g:\visualstudioprojects\test1\debug\mfcapplication1.pdb
g:\visualstudioprojects\mfcapplication1\mfcapplication1\debug\mfcapplication1.tlog\cl.command.1.tlog
g:\visualstudioprojects\mfcapplication1\mfcapplication1\debug\mfcapplication1.tlog\cl.read.1.tlog
g:\visualstudioprojects\mfcapplication1\mfcapplication1\debug\mfcapplication1.tlog\cl.write.1.tlog
g:\visualstudioprojects\mfcapplication1\mfcapplication1\debug\mfcapplication1.tlog\link-cvtres.read.1.tlog
g:\visualstudioprojects\mfcapplication1\mfcapplication1\debug\mfcapplication1.tlog\link-cvtres.write.1.tlog
g:\visualstudioprojects\mfcapplication1\mfcapplication1\debug\mfcapplication1.tlog\link-mt.read.1.tlog
g:\visualstudioprojects\mfcapplication1\mfcapplication1\debug\mfcapplication1.tlog\link-mt.write.1.tlog
g:\visualstudioprojects\mfcapplication1\mfcapplication1\debug\mfcapplication1.tlog\link-rc.read.1.tlog
g:\visualstudioprojects\mfcapplication1\mfcapplication1\debug\mfcapplication1.tlog\link-rc.write.1.tlog
g:\visualstudioprojects\mfcapplication1\mfcapplication1\debug\mfcapplication1.tlog\link.10136-cvtres.read.1.tlog
g:\visualstudioprojects\mfcapplication1\mfcapplication1\debug\mfcapplication1.tlog\link.10136-cvtres.write.1.tlog
g:\visualstudioprojects\mfcapplication1\mfcapplication1\debug\mfcapplication1.tlog\link.10136-mt.read.1.tlog
g:\visualstudioprojects\mfcapplication1\mfcapplication1\debug\mfcapplication1.tlog\link.10136-mt.write.1.tlog
g:\visualstudioprojects\mfcapplication1\mfcapplication1\debug\mfcapplication1.tlog\link.10136-rc.read.1.tlog
g:\visualstudioprojects\mfcapplication1\mfcapplication1\debug\mfcapplication1.tlog\link.10136-rc.write.1.tlog
g:\visualstudioprojects\mfcapplication1\mfcapplication1\debug\mfcapplication1.tlog\link.10136.read.1.tlog
g:\visualstudioprojects\mfcapplication1\mfcapplication1\debug\mfcapplication1.tlog\link.10136.write.1.tlog
g:\visualstudioprojects\mfcapplication1\mfcapplication1\debug\mfcapplication1.tlog\link.command.1.tlog
g:\visualstudioprojects\mfcapplication1\mfcapplication1\debug\mfcapplication1.tlog\link.read.1.tlog
g:\visualstudioprojects\mfcapplication1\mfcapplication1\debug\mfcapplication1.tlog\link.write.1.tlog
g:\visualstudioprojects\mfcapplication1\mfcapplication1\debug\mfcapplication1.tlog\rc.command.1.tlog
g:\visualstudioprojects\mfcapplication1\mfcapplication1\debug\mfcapplication1.tlog\rc.read.1.tlog
g:\visualstudioprojects\mfcapplication1\mfcapplication1\debug\mfcapplication1.tlog\rc.write.1.tlog
