生成启动时间为 2020/12/25 11:32:45。
     1>项目“G:\VisualStudio2013\VisualStudioProjects\MFCApplication1\MFCApplication1\MFCApplication1.vcxproj”在节点 2 上(Build 个目标)。
     1>ClCompile:
         G:\VisualStudio2013\VC\bin\CL.exe /c /ZI /nologo /W3 /WX- /sdl /Od /Oy- /D WIN32 /D _WINDOWS /D _DEBUG /D _UNICODE /D UNICODE /D _AFXDLL /Gm /EHsc /RTC1 /MDd /GS /fp:precise /Zc:wchar_t /Zc:forScope /Yu"stdafx.h" /Fp"Debug\MFCApplication1.pch" /Fo"Debug\\" /Fd"Debug\vc120.pdb" /Gd /TP /analyze- /errorReport:prompt MFCApplication1Dlg.cpp
         MFCApplication1Dlg.cpp
     1>g:\visualstudio2013\visualstudioprojects\mfcapplication1\mfcapplication1\calculator.h(155): warning C4715: “Caculate::compare”: 不是所有的控件路径都返回值
       Link:
         G:\VisualStudio2013\VC\bin\link.exe /ERRORREPORT:PROMPT /OUT:"G:\VisualStudio2013\VisualStudioProjects\MFCApplication1\Debug\MFCApplication1.exe" /INCREMENTAL /NOLOGO /MANIFEST /MANIFESTUAC:"level='asInvoker' uiAccess='false'" /manifest:embed /manifestinput:G:\VisualStudio2013\VC\Include\Manifest\dpiaware.manifest /DEBUG /PDB:"G:\VisualStudio2013\VisualStudioProjects\MFCApplication1\Debug\MFCApplication1.pdb" /SUBSYSTEM:WINDOWS /TLBID:1 /ENTRY:"wWinMainCRTStartup" /DYNAMICBASE /NXCOMPAT /IMPLIB:"G:\VisualStudio2013\VisualStudioProjects\MFCApplication1\Debug\MFCApplication1.lib" /MACHINE:X86 Debug\MFCApplication1.res
         Debug\MFCApplication1.obj
         Debug\MFCApplication1Dlg.obj
         Debug\stdafx.obj
         LINK : 没有找到 G:\VisualStudio2013\VisualStudioProjects\MFCApplication1\Debug\MFCApplication1.exe 或上一个增量链接没有生成它；正在执行完全链接
         MFCApplication1.vcxproj -> G:\VisualStudio2013\VisualStudioProjects\MFCApplication1\Debug\MFCApplication1.exe
       PostBuildEvent:
         editbin /SUBSYSTEM:CONSOLE G:\VisualStudio2013\VisualStudioProjects\MFCApplication1\Debug\\MFCApplication1.exe
         :VCEnd
         Microsoft (R) COFF/PE Editor Version 12.00.40629.0
         Copyright (C) Microsoft Corporation.  All rights reserved.
         
         
     1>已完成生成项目“G:\VisualStudio2013\VisualStudioProjects\MFCApplication1\MFCApplication1\MFCApplication1.vcxproj”(Build 个目标)的操作。

生成成功。

已用时间 00:00:01.83
